<?xml version="1.0" encoding="UTF-8"?>
<!-- Generated by org.testng.reporters.JUnitReportReporter -->
<testsuite skipped="0" hostname="WF-18B" name="com.test.testcases.Register" tests="1" failures="0" timestamp="03 八月 2018 09:00:51 GMT" time="22.921" errors="0">
  <testcase name="TestSubmitRegister" time="22.921" classname="com.test.testcases.Register"/>
</testsuite> <!-- com.test.testcases.Register -->
