<?xml version="1.0" encoding="UTF-8"?>
<!-- Generated by org.testng.reporters.JUnitReportReporter -->
<testsuite hostname="WF-18B" name="com.test.testcases.Login" tests="1" failures="0" timestamp="30 Jun 2018 06:45:52 GMT" time="37.182" errors="0">
  <testcase name="testLogin" time="37.182" classname="com.test.testcases.Login"/>
</testsuite> <!-- com.test.testcases.Login -->
