<?xml version="1.0" encoding="UTF-8"?>
<!-- Generated by org.testng.reporters.JUnitReportReporter -->
<testsuite hostname="cloudchen-x240s" name="com.test.testcases.Test1" tests="2" failures="0" timestamp="27 Apr 2015 06:44:07 GMT" time="0.017" errors="0">
  <testcase name="testLogin" time="0.003" classname="com.test.testcases.Test1"/>
  <testcase name="testLogin" time="0.014" classname="com.test.testcases.Test1"/>
</testsuite> <!-- com.test.testcases.Test1 -->
