<?xml version="1.0" encoding="UTF-8"?>
<!-- Generated by org.testng.reporters.JUnitReportReporter -->
<testsuite skipped="0" hostname="WF-18B" name="com.test.testcases.Deposit" tests="1" failures="0" timestamp="13 八月 2018 06:04:47 GMT" time="17.738" errors="0">
  <testcase name="testOnlineDeposit" time="17.738" classname="com.test.testcases.Deposit"/>
</testsuite> <!-- com.test.testcases.Deposit -->
