<?xml version="1.0" encoding="UTF-8"?>
<!-- Generated by org.testng.reporters.JUnitReportReporter -->
<testsuite skipped="0" hostname="WF-18B" name="com.test.testcases.Withdraw" tests="1" failures="0" timestamp="03 八月 2018 10:24:25 GMT" time="10.683" errors="0">
  <testcase name="testsubmitUnionCard" time="10.683" classname="com.test.testcases.Withdraw"/>
</testsuite> <!-- com.test.testcases.Withdraw -->
