<?xml version="1.0" encoding="UTF-8"?>
<!-- Generated by org.testng.reporters.JUnitReportReporter -->
<testsuite hostname="WF-18B" name="com.test.testcases.Sports" tests="1" failures="0" timestamp="11 Jul 2018 01:30:51 GMT" time="21.051" errors="0">
  <testcase name="testLogin" time="21.051" classname="com.test.testcases.Sports"/>
</testsuite> <!-- com.test.testcases.Sports -->
