<?xml version="1.0" encoding="UTF-8"?>
<!-- Generated by org.testng.reporters.JUnitReportReporter -->
<testsuite hostname="WF-18B" name="com.test.testcases.Home" tests="1" failures="0" timestamp="17 Jul 2018 03:34:41 GMT" time="10.864" errors="0">
  <testcase name="checkLogin" time="10.864" classname="com.test.testcases.Home"/>
</testsuite> <!-- com.test.testcases.Home -->
