<?xml version="1.0" encoding="UTF-8"?>
<!-- Generated by org.testng.reporters.JUnitReportReporter -->
<testsuite skipped="0" hostname="WF-18B" name="com.test.testcases.Withdraw" tests="1" failures="0" timestamp="14 八月 2018 08:43:46 GMT" time="20.872" errors="0">
  <testcase name="testsubmitUnionCard" time="20.872" classname="com.test.testcases.Withdraw"/>
</testsuite> <!-- com.test.testcases.Withdraw -->
